Connecting to database specified by database.yml
  [1m[36m (0.4ms)[0m  [1mselect sqlite_version(*)[0m
  [1m[35m (136.0ms)[0m  CREATE TABLE "schema_migrations" ("version" varchar(255) NOT NULL) 
  [1m[36m (67.0ms)[0m  [1mCREATE UNIQUE INDEX "unique_schema_migrations" ON "schema_migrations" ("version")[0m
  [1m[35m (0.2ms)[0m  SELECT "schema_migrations"."version" FROM "schema_migrations" 
Migrating to CreateMovies (20111119180638)
  [1m[36m (0.1ms)[0m  [1mbegin transaction[0m
  [1m[35m (0.6ms)[0m  CREATE TABLE "movies" ("id" INTEGER PRIMARY KEY AUTOINCREMENT NOT NULL, "title" varchar(255), "rating" varchar(255), "description" text, "release_date" datetime, "created_at" datetime NOT NULL, "updated_at" datetime NOT NULL) 
  [1m[36m (0.8ms)[0m  [1mINSERT INTO "schema_migrations" ("version") VALUES ('20111119180638')[0m
  [1m[35m (37.3ms)[0m  commit transaction
  [1m[36m (0.3ms)[0m  [1mSELECT "schema_migrations"."version" FROM "schema_migrations" [0m
Connecting to database specified by database.yml
  [1m[36m (0.3ms)[0m  [1mSELECT "schema_migrations"."version" FROM "schema_migrations" [0m
  [1m[35m (0.4ms)[0m  begin transaction
  [1m[36mSQL (107.4ms)[0m  [1mINSERT INTO "movies" ("created_at", "description", "rating", "release_date", "title", "updated_at") VALUES (?, ?, ?, ?, ?, ?)[0m  [["created_at", Mon, 07 Oct 2013 23:49:25 UTC +00:00], ["description", nil], ["rating", "G"], ["release_date", Wed, 25 Nov 1992 00:00:00 UTC +00:00], ["title", "Aladdin"], ["updated_at", Mon, 07 Oct 2013 23:49:25 UTC +00:00]]
  [1m[35m (331.3ms)[0m  commit transaction
  [1m[36m (0.3ms)[0m  [1mbegin transaction[0m
  [1m[35mSQL (2.3ms)[0m  INSERT INTO "movies" ("created_at", "description", "rating", "release_date", "title", "updated_at") VALUES (?, ?, ?, ?, ?, ?)  [["created_at", Mon, 07 Oct 2013 23:49:25 UTC +00:00], ["description", nil], ["rating", "R"], ["release_date", Fri, 26 Oct 1984 00:00:00 UTC +00:00], ["title", "The Terminator"], ["updated_at", Mon, 07 Oct 2013 23:49:25 UTC +00:00]]
  [1m[36m (43.2ms)[0m  [1mcommit transaction[0m
  [1m[35m (0.1ms)[0m  begin transaction
  [1m[36mSQL (0.9ms)[0m  [1mINSERT INTO "movies" ("created_at", "description", "rating", "release_date", "title", "updated_at") VALUES (?, ?, ?, ?, ?, ?)[0m  [["created_at", Mon, 07 Oct 2013 23:49:25 UTC +00:00], ["description", nil], ["rating", "R"], ["release_date", Fri, 21 Jul 1989 00:00:00 UTC +00:00], ["title", "When Harry Met Sally"], ["updated_at", Mon, 07 Oct 2013 23:49:25 UTC +00:00]]
  [1m[35m (152.9ms)[0m  commit transaction
  [1m[36m (0.2ms)[0m  [1mbegin transaction[0m
  [1m[35mSQL (0.6ms)[0m  INSERT INTO "movies" ("created_at", "description", "rating", "release_date", "title", "updated_at") VALUES (?, ?, ?, ?, ?, ?)  [["created_at", Mon, 07 Oct 2013 23:49:25 UTC +00:00], ["description", nil], ["rating", "PG-13"], ["release_date", Wed, 10 Aug 2011 00:00:00 UTC +00:00], ["title", "The Help"], ["updated_at", Mon, 07 Oct 2013 23:49:25 UTC +00:00]]
  [1m[36m (96.4ms)[0m  [1mcommit transaction[0m
  [1m[35m (0.1ms)[0m  begin transaction
  [1m[36mSQL (0.8ms)[0m  [1mINSERT INTO "movies" ("created_at", "description", "rating", "release_date", "title", "updated_at") VALUES (?, ?, ?, ?, ?, ?)[0m  [["created_at", Mon, 07 Oct 2013 23:49:25 UTC +00:00], ["description", nil], ["rating", "PG-13"], ["release_date", Fri, 05 Jan 2001 00:00:00 UTC +00:00], ["title", "Chocolat"], ["updated_at", Mon, 07 Oct 2013 23:49:25 UTC +00:00]]
  [1m[35m (39.4ms)[0m  commit transaction
  [1m[36m (0.1ms)[0m  [1mbegin transaction[0m
  [1m[35mSQL (0.2ms)[0m  INSERT INTO "movies" ("created_at", "description", "rating", "release_date", "title", "updated_at") VALUES (?, ?, ?, ?, ?, ?)  [["created_at", Mon, 07 Oct 2013 23:49:25 UTC +00:00], ["description", nil], ["rating", "R"], ["release_date", Wed, 25 Apr 2001 00:00:00 UTC +00:00], ["title", "Amelie"], ["updated_at", Mon, 07 Oct 2013 23:49:25 UTC +00:00]]
  [1m[36m (35.6ms)[0m  [1mcommit transaction[0m
  [1m[35m (0.1ms)[0m  begin transaction
  [1m[36mSQL (0.6ms)[0m  [1mINSERT INTO "movies" ("created_at", "description", "rating", "release_date", "title", "updated_at") VALUES (?, ?, ?, ?, ?, ?)[0m  [["created_at", Mon, 07 Oct 2013 23:49:26 UTC +00:00], ["description", nil], ["rating", "G"], ["release_date", Sat, 06 Apr 1968 00:00:00 UTC +00:00], ["title", "2001: A Space Odyssey"], ["updated_at", Mon, 07 Oct 2013 23:49:26 UTC +00:00]]
  [1m[35m (63.0ms)[0m  commit transaction
  [1m[36m (0.2ms)[0m  [1mbegin transaction[0m
  [1m[35mSQL (2.3ms)[0m  INSERT INTO "movies" ("created_at", "description", "rating", "release_date", "title", "updated_at") VALUES (?, ?, ?, ?, ?, ?)  [["created_at", Mon, 07 Oct 2013 23:49:26 UTC +00:00], ["description", nil], ["rating", "PG"], ["release_date", Fri, 05 Nov 2004 00:00:00 UTC +00:00], ["title", "The Incredibles"], ["updated_at", Mon, 07 Oct 2013 23:49:26 UTC +00:00]]
  [1m[36m (110.5ms)[0m  [1mcommit transaction[0m
  [1m[35m (0.1ms)[0m  begin transaction
  [1m[36mSQL (1.6ms)[0m  [1mINSERT INTO "movies" ("created_at", "description", "rating", "release_date", "title", "updated_at") VALUES (?, ?, ?, ?, ?, ?)[0m  [["created_at", Mon, 07 Oct 2013 23:49:26 UTC +00:00], ["description", nil], ["rating", "PG"], ["release_date", Fri, 12 Jun 1981 00:00:00 UTC +00:00], ["title", "Raiders of the Lost Ark"], ["updated_at", Mon, 07 Oct 2013 23:49:26 UTC +00:00]]
  [1m[35m (63.4ms)[0m  commit transaction
  [1m[36m (0.2ms)[0m  [1mbegin transaction[0m
  [1m[35mSQL (2.1ms)[0m  INSERT INTO "movies" ("created_at", "description", "rating", "release_date", "title", "updated_at") VALUES (?, ?, ?, ?, ?, ?)  [["created_at", Mon, 07 Oct 2013 23:49:26 UTC +00:00], ["description", nil], ["rating", "G"], ["release_date", Wed, 21 Jun 2000 00:00:00 UTC +00:00], ["title", "Chicken Run"], ["updated_at", Mon, 07 Oct 2013 23:49:26 UTC +00:00]]
  [1m[36m (44.6ms)[0m  [1mcommit transaction[0m


Started GET "/movies" for 127.0.0.1 at 2013-10-07 16:50:05 -0700
Connecting to database specified by database.yml
Processing by MoviesController#index as HTML
  [1m[36mMovie Load (0.6ms)[0m  [1mSELECT "movies".* FROM "movies" [0m
  Rendered movies/index.html.haml within layouts/application (153.1ms)
Compiled application.css  (4ms)  (pid 6614)
Compiled jquery.js  (17ms)  (pid 6614)
Compiled jquery_ujs.js  (9ms)  (pid 6614)
Compiled application.js  (139ms)  (pid 6614)
Completed 200 OK in 1337ms (Views: 1303.6ms | ActiveRecord: 0.6ms)


Started GET "/assets/application.css?body=1" for 127.0.0.1 at 2013-10-07 16:50:14 -0700
Served asset /application.css - 200 OK (25ms)


Started GET "/assets/application.js?body=1" for 127.0.0.1 at 2013-10-07 16:50:14 -0700
Served asset /application.js - 200 OK (55ms)


Started GET "/assets/jquery.js?body=1" for 127.0.0.1 at 2013-10-07 16:50:14 -0700
Served asset /jquery.js - 200 OK (63ms)


Started GET "/assets/jquery_ujs.js?body=1" for 127.0.0.1 at 2013-10-07 16:50:14 -0700
Served asset /jquery_ujs.js - 200 OK (21ms)


Started GET "/movies/6" for 127.0.0.1 at 2013-10-07 16:50:20 -0700
Processing by MoviesController#show as HTML
  Parameters: {"id"=>"6"}
  [1m[35mMovie Load (0.1ms)[0m  SELECT "movies".* FROM "movies" WHERE "movies"."id" = ? LIMIT 1  [["id", "6"]]
  Rendered movies/show.html.haml within layouts/application (9.8ms)
Completed 200 OK in 69ms (Views: 55.0ms | ActiveRecord: 0.1ms)


Started GET "/assets/application.css?body=1" for 127.0.0.1 at 2013-10-07 16:50:20 -0700
Served asset /application.css - 304 Not Modified (0ms)


Started GET "/assets/jquery_ujs.js?body=1" for 127.0.0.1 at 2013-10-07 16:50:20 -0700
Served asset /jquery_ujs.js - 304 Not Modified (0ms)


Started GET "/assets/application.js?body=1" for 127.0.0.1 at 2013-10-07 16:50:20 -0700
Served asset /application.js - 304 Not Modified (2ms)


Started GET "/assets/jquery.js?body=1" for 127.0.0.1 at 2013-10-07 16:50:20 -0700
Served asset /jquery.js - 304 Not Modified (1ms)


Started GET "/movies" for 127.0.0.1 at 2013-10-07 16:50:23 -0700
Processing by MoviesController#index as HTML
  [1m[36mMovie Load (4.8ms)[0m  [1mSELECT "movies".* FROM "movies" [0m
  Rendered movies/index.html.haml within layouts/application (12.4ms)
Completed 200 OK in 33ms (Views: 18.5ms | ActiveRecord: 4.8ms)


Started GET "/assets/application.css?body=1" for 127.0.0.1 at 2013-10-07 16:50:23 -0700
Served asset /application.css - 304 Not Modified (0ms)


Started GET "/assets/application.js?body=1" for 127.0.0.1 at 2013-10-07 16:50:23 -0700
Served asset /application.js - 304 Not Modified (2ms)


Started GET "/assets/jquery_ujs.js?body=1" for 127.0.0.1 at 2013-10-07 16:50:23 -0700
Served asset /jquery_ujs.js - 304 Not Modified (0ms)


Started GET "/assets/jquery.js?body=1" for 127.0.0.1 at 2013-10-07 16:50:23 -0700
Served asset /jquery.js - 304 Not Modified (15ms)


Started GET "/movies/new" for 127.0.0.1 at 2013-10-07 16:50:26 -0700
Processing by MoviesController#new as HTML
  Rendered movies/new.html.haml within layouts/application (147.7ms)
Completed 200 OK in 273ms (Views: 272.4ms | ActiveRecord: 0.0ms)


Started GET "/assets/jquery_ujs.js?body=1" for 127.0.0.1 at 2013-10-07 16:50:27 -0700
Served asset /jquery_ujs.js - 304 Not Modified (0ms)


Started GET "/assets/jquery.js?body=1" for 127.0.0.1 at 2013-10-07 16:50:27 -0700
Served asset /jquery.js - 304 Not Modified (7ms)


Started GET "/assets/application.css?body=1" for 127.0.0.1 at 2013-10-07 16:50:27 -0700
Served asset /application.css - 304 Not Modified (0ms)


Started GET "/assets/application.js?body=1" for 127.0.0.1 at 2013-10-07 16:50:27 -0700
Served asset /application.js - 304 Not Modified (21ms)


Started GET "/movies" for 127.0.0.1 at 2013-10-07 17:25:47 -0700
Connecting to database specified by database.yml
Processing by MoviesController#index as HTML
  [1m[36mMovie Load (0.7ms)[0m  [1mSELECT "movies".* FROM "movies" [0m
  Rendered movies/index.html.haml within layouts/application (69.8ms)
Completed 200 OK in 406ms (Views: 388.4ms | ActiveRecord: 0.7ms)


Started GET "/assets/application.css?body=1" for 127.0.0.1 at 2013-10-07 17:25:53 -0700
Served asset /application.css - 304 Not Modified (2ms)


Started GET "/assets/application.js?body=1" for 127.0.0.1 at 2013-10-07 17:25:53 -0700
Served asset /application.js - 304 Not Modified (59ms)


Started GET "/assets/jquery.js?body=1" for 127.0.0.1 at 2013-10-07 17:25:53 -0700
Served asset /jquery.js - 304 Not Modified (39ms)


Started GET "/assets/jquery_ujs.js?body=1" for 127.0.0.1 at 2013-10-07 17:25:53 -0700
Served asset /jquery_ujs.js - 304 Not Modified (14ms)


Started GET "/movies" for 127.0.0.1 at 2013-10-07 17:28:25 -0700
Connecting to database specified by database.yml
Processing by MoviesController#index as HTML
  [1m[36mMovie Load (0.6ms)[0m  [1mSELECT "movies".* FROM "movies" [0m
  Rendered movies/index.html.haml within layouts/application (138.1ms)
Completed 200 OK in 703ms (Views: 680.3ms | ActiveRecord: 0.6ms)


Started GET "/assets/jquery.js?body=1" for 127.0.0.1 at 2013-10-07 17:28:31 -0700
Served asset /jquery.js - 304 Not Modified (41ms)


Started GET "/assets/application.css?body=1" for 127.0.0.1 at 2013-10-07 17:28:31 -0700
Served asset /application.css - 304 Not Modified (8ms)


Started GET "/assets/application.js?body=1" for 127.0.0.1 at 2013-10-07 17:28:31 -0700
Served asset /application.js - 304 Not Modified (44ms)


Started GET "/assets/jquery_ujs.js?body=1" for 127.0.0.1 at 2013-10-07 17:28:31 -0700
Served asset /jquery_ujs.js - 304 Not Modified (22ms)


Started GET "/movies" for 127.0.0.1 at 2013-10-07 17:33:34 -0700
Connecting to database specified by database.yml
Processing by MoviesController#index as HTML
  [1m[36mMovie Load (0.6ms)[0m  [1mSELECT "movies".* FROM "movies" [0m
  Rendered movies/index.html.haml within layouts/application (131.0ms)
Completed 200 OK in 692ms (Views: 664.7ms | ActiveRecord: 0.6ms)


Started GET "/assets/application.css?body=1" for 127.0.0.1 at 2013-10-07 17:33:40 -0700
Served asset /application.css - 304 Not Modified (35ms)


Started GET "/assets/jquery.js?body=1" for 127.0.0.1 at 2013-10-07 17:33:40 -0700
Served asset /jquery.js - 304 Not Modified (27ms)


Started GET "/assets/jquery_ujs.js?body=1" for 127.0.0.1 at 2013-10-07 17:33:40 -0700
Served asset /jquery_ujs.js - 304 Not Modified (14ms)


Started GET "/assets/application.js?body=1" for 127.0.0.1 at 2013-10-07 17:33:40 -0700
Served asset /application.js - 304 Not Modified (67ms)


Started GET "/movies" for 127.0.0.1 at 2013-10-07 17:36:53 -0700
Connecting to database specified by database.yml
Processing by MoviesController#index as HTML
  [1m[36mMovie Load (0.3ms)[0m  [1mSELECT "movies".* FROM "movies" [0m
Completed 500 Internal Server Error in 697ms

ActionView::MissingTemplate (Missing template /movies with {:locale=>[:en], :formats=>[:html], :handlers=>[:erb, :builder, :coffee, :haml]}. Searched in:
  * "/home/ubuntu/rails_projects/hw2_rottenpotatoes/app/views"
  * "/home/ubuntu/rails_projects/hw2_rottenpotatoes"
  * "/"
):
  app/controllers/movies_controller.rb:13:in `index'


  Rendered /usr/local/lib/ruby/gems/1.9.1/gems/actionpack-3.2.14/lib/action_dispatch/middleware/templates/rescues/missing_template.erb within rescues/layout (102.3ms)


Started GET "/movies" for 127.0.0.1 at 2013-10-07 17:38:43 -0700
Connecting to database specified by database.yml
Processing by MoviesController#index as HTML
  [1m[36mMovie Load (0.6ms)[0m  [1mSELECT "movies".* FROM "movies" [0m
Completed 500 Internal Server Error in 373ms

ActionView::MissingTemplate (Missing template /movies with {:locale=>[:en], :formats=>[:html], :handlers=>[:erb, :builder, :coffee, :haml]}. Searched in:
  * "/home/ubuntu/rails_projects/hw2_rottenpotatoes/app/views"
  * "/home/ubuntu/rails_projects/hw2_rottenpotatoes"
  * "/"
):
  app/controllers/movies_controller.rb:13:in `index'


  Rendered /usr/local/lib/ruby/gems/1.9.1/gems/actionpack-3.2.14/lib/action_dispatch/middleware/templates/rescues/missing_template.erb within rescues/layout (51.5ms)


Started GET "/movies" for 127.0.0.1 at 2013-10-07 17:40:41 -0700
Connecting to database specified by database.yml
Processing by MoviesController#index as HTML
  [1m[36mMovie Load (3.4ms)[0m  [1mSELECT "movies".* FROM "movies" [0m
  Rendered movies/index.html.haml within layouts/application (135.9ms)
Completed 200 OK in 715ms (Views: 688.6ms | ActiveRecord: 3.4ms)


Started GET "/assets/application.css?body=1" for 127.0.0.1 at 2013-10-07 17:40:47 -0700
Served asset /application.css - 304 Not Modified (48ms)


Started GET "/assets/application.js?body=1" for 127.0.0.1 at 2013-10-07 17:40:47 -0700
Served asset /application.js - 304 Not Modified (20ms)


Started GET "/assets/jquery.js?body=1" for 127.0.0.1 at 2013-10-07 17:40:47 -0700
Served asset /jquery.js - 304 Not Modified (21ms)


Started GET "/assets/jquery_ujs.js?body=1" for 127.0.0.1 at 2013-10-07 17:40:47 -0700
Served asset /jquery_ujs.js - 304 Not Modified (14ms)


Started GET "/movies" for 127.0.0.1 at 2013-10-07 17:46:25 -0700
Connecting to database specified by database.yml
Processing by MoviesController#index as HTML
  [1m[36mMovie Load (0.6ms)[0m  [1mSELECT "movies".* FROM "movies" [0m
  Rendered movies/index.html.haml within layouts/application (135.4ms)
Completed 200 OK in 734ms (Views: 706.1ms | ActiveRecord: 0.6ms)


Started GET "/assets/application.css?body=1" for 127.0.0.1 at 2013-10-07 17:46:31 -0700
Served asset /application.css - 304 Not Modified (42ms)


Started GET "/assets/application.js?body=1" for 127.0.0.1 at 2013-10-07 17:46:32 -0700
Served asset /application.js - 304 Not Modified (48ms)


Started GET "/assets/jquery.js?body=1" for 127.0.0.1 at 2013-10-07 17:46:32 -0700
Served asset /jquery.js - 304 Not Modified (34ms)


Started GET "/assets/jquery_ujs.js?body=1" for 127.0.0.1 at 2013-10-07 17:46:32 -0700
Served asset /jquery_ujs.js - 304 Not Modified (17ms)
